app/build/intermediates/manifest_merge_blame_file/debug/manifest-merger-blame-debug-report.txt
1<?xml version="1.0" encoding="utf-8"?>
2<manifest xmlns:android="http://schemas.android.com/apk/res/android"
3    package="com.example.moviezapp"
4    android:versionCode="1"
5    android:versionName="1.0" >
6
7    <uses-sdk
8        android:minSdkVersion="19"
8-->src/main/AndroidManifest.xml
9        android:targetSdkVersion="29" />
9-->src/main/AndroidManifest.xml
10
11    <uses-permission android:name="android.permission.ACCESS_NETWORK_STATE" />
11-->src/main/AndroidManifest.xml:5:5-79
11-->src/main/AndroidManifest.xml:5:22-76
12    <uses-permission android:name="android.permission.INTERNET" />
12-->src/main/AndroidManifest.xml:6:5-67
12-->src/main/AndroidManifest.xml:6:22-64
13    <uses-permission android:name="android.permission.ACCESS_WIFI_STATE" />
13-->[com.amitshekhar.android:debug-db:1.0.4] AndroidManifest.xml:30:5-76
13-->[com.amitshekhar.android:debug-db:1.0.4] AndroidManifest.xml:30:22-73
14
15    <application
15-->src/main/AndroidManifest.xml:8:5-26:19
16        android:allowBackup="true"
16-->src/main/AndroidManifest.xml:9:9-35
17        android:appComponentFactory="androidx.core.app.CoreComponentFactory"
17-->[androidx.core:core:1.3.2] AndroidManifest.xml:24:18-86
18        android:debuggable="true"
19        android:icon="@mipmap/ic_launcher"
19-->src/main/AndroidManifest.xml:10:9-43
20        android:label="@string/app_name"
20-->src/main/AndroidManifest.xml:11:9-41
21        android:roundIcon="@mipmap/ic_launcher_round"
21-->src/main/AndroidManifest.xml:12:9-54
22        android:supportsRtl="true"
22-->src/main/AndroidManifest.xml:13:9-35
23        android:testOnly="true"
24        android:theme="@style/Theme.MoviezApp" >
24-->src/main/AndroidManifest.xml:14:9-47
25        <activity android:name="com.example.moviezapp.view.LoginActivity" >
25-->src/main/AndroidManifest.xml:15:9-17:20
25-->src/main/AndroidManifest.xml:15:19-53
26        </activity>
27        <activity android:name="com.example.moviezapp.view.MovieDetailActivity" />
27-->src/main/AndroidManifest.xml:18:9-62
27-->src/main/AndroidManifest.xml:18:19-59
28        <activity android:name="com.example.moviezapp.view.MainActivity" >
28-->src/main/AndroidManifest.xml:19:9-25:20
28-->src/main/AndroidManifest.xml:19:19-52
29            <intent-filter>
29-->src/main/AndroidManifest.xml:20:13-24:29
30                <action android:name="android.intent.action.MAIN" />
30-->src/main/AndroidManifest.xml:21:17-69
30-->src/main/AndroidManifest.xml:21:25-66
31
32                <category android:name="android.intent.category.LAUNCHER" />
32-->src/main/AndroidManifest.xml:23:17-77
32-->src/main/AndroidManifest.xml:23:27-74
33            </intent-filter>
34        </activity>
35
36        <provider
36-->[com.amitshekhar.android:debug-db:1.0.4] AndroidManifest.xml:33:9-37:40
37            android:name="com.amitshekhar.DebugDBInitProvider"
37-->[com.amitshekhar.android:debug-db:1.0.4] AndroidManifest.xml:34:13-63
38            android:authorities="com.example.moviezapp.DebugDBInitProvider"
38-->[com.amitshekhar.android:debug-db:1.0.4] AndroidManifest.xml:35:13-71
39            android:enabled="true"
39-->[com.amitshekhar.android:debug-db:1.0.4] AndroidManifest.xml:36:13-35
40            android:exported="false" />
40-->[com.amitshekhar.android:debug-db:1.0.4] AndroidManifest.xml:37:13-37
41
42        <service
42-->[androidx.room:room-runtime:2.3.0] AndroidManifest.xml:25:9-28:40
43            android:name="androidx.room.MultiInstanceInvalidationService"
43-->[androidx.room:room-runtime:2.3.0] AndroidManifest.xml:26:13-74
44            android:directBootAware="true"
44-->[androidx.room:room-runtime:2.3.0] AndroidManifest.xml:27:13-43
45            android:exported="false" />
45-->[androidx.room:room-runtime:2.3.0] AndroidManifest.xml:28:13-37
46    </application>
47
48</manifest>